<?xml version="1.0" encoding="UTF-8"?>
<testng-results skipped="0" failed="0" ignored="0" total="1" passed="1">
  <reporter-output>
  </reporter-output>
  <suite name="Suite" duration-ms="13401" started-at="2018-03-07T10:59:23Z" finished-at="2018-03-07T10:59:36Z">
    <groups>
    </groups>
    <test name="Test" duration-ms="13401" started-at="2018-03-07T10:59:23Z" finished-at="2018-03-07T10:59:36Z">
      <class name="Project1.JenkinsTest.Class1">
        <test-method status="PASS" signature="Ajio()[pri:0, instance:Project1.JenkinsTest.Class1@7cf10a6f]" name="Ajio" duration-ms="13366" started-at="2018-03-07T16:29:23Z" finished-at="2018-03-07T16:29:36Z">
          <reporter-output>
          </reporter-output>
        </test-method> <!-- Ajio -->
      </class> <!-- Project1.JenkinsTest.Class1 -->
    </test> <!-- Test -->
  </suite> <!-- Suite -->
</testng-results>
